INFO:     Will watch for changes in these directories: ['C:\\Users\\user\\transcript-verification']
INFO:     Loading environment from 'C:/Users/user/transcript-verification/backend/.env'
INFO:     Uvicorn running on http://127.0.0.1:8000 (Press CTRL+C to quit)
INFO:     Started reloader process [14704] using StatReload
ERROR:    Error loading ASGI app. Could not import module "main".
WARNING:  StatReload detected changes in 'backend\blockchain.py'. Reloading...
 ERROR:    Error loading ASGI app. Could not import module "main".
WARNING:  StatReload detected changes in 'backend\storage_service.py'. Reloading...
 ERROR:    Error loading ASGI app. Could not import module "main".
WARNING:  StatReload detected changes in 'frontend\start_all.py'. Reloading...
 ERROR:    Error loading ASGI app. Could not import module "main".
WARNING:  StatReload detected changes in 'frontend\start_all.py'. Reloading...
 ERROR:    Error loading ASGI app. Could not import module "main".
WARNING:  StatReload detected changes in 'frontend\start_all.py'. Reloading...
 ERROR:    Error loading ASGI app. Could not import module "main".
WARNING:  StatReload detected changes in 'backend\blockchain.py'. Reloading...
 ERROR:    Error loading ASGI app. Could not import module "main".
WARNING:  StatReload detected changes in 'backend\main.py'. Reloading...
 ERROR:    Error loading ASGI app. Could not import module "main".
WARNING:  StatReload detected changes in 'frontend\backend_client.py'. Reloading...
 ERROR:    Error loading ASGI app. Could not import module "main".
